<?xml version="1.0" encoding="UTF-8"?>
<testsuite xmlns:xsi="http://www.w3.org/2001/XMLSchema-instance" xsi:noNamespaceSchemaLocation="https://maven.apache.org/surefire/maven-surefire-plugin/xsd/surefire-test-report.xsd" name="com.JavaProject.AppTest" time="0.099" tests="2" errors="0" skipped="0" failures="0">
  <properties>
[...]
</properties>
  <testcase name="multiplyTest" classname="com.JavaProject.AppTest" time="0.008"/>
  <testcase name="subtractTest" classname="com.JavaProject.AppTest" time="0"/>
</testsuite>